<?xml version="1.0" encoding="UTF-8"?>
<coverage generated="1552790346819" clover="3.2.0">
  <project timestamp="1552790346819" name="All files">
    <metrics statements="62" coveredstatements="53" conditionals="16" coveredconditionals="11" methods="17" coveredmethods="15" elements="95" coveredelements="79" complexity="0" loc="62" ncloc="62" packages="2" files="4" classes="4">
      <package name="src">
        <metrics statements="8" coveredstatements="3" conditionals="2" coveredconditionals="0" methods="1" coveredmethods="1"/>
        <file name="_helpers.js" path="/Users/s111258/work/postman-to-swagger/src/_helpers.js">
          <metrics statements="3" coveredstatements="3" conditionals="0" coveredconditionals="0" methods="1" coveredmethods="1"/>
          <line num="9" count="1" type="stmt"/>
          <line num="12" count="2" type="stmt"/>
          <line num="13" count="2" type="stmt"/>
        </file>
        <file name="index.js" path="/Users/s111258/work/postman-to-swagger/src/index.js">
          <metrics statements="5" coveredstatements="0" conditionals="2" coveredconditionals="0" methods="0" coveredmethods="0"/>
          <line num="5" count="0" type="stmt"/>
          <line num="6" count="0" type="stmt"/>
          <line num="9" count="0" type="cond" truecount="0" falsecount="2"/>
          <line num="12" count="0" type="stmt"/>
          <line num="13" count="0" type="stmt"/>
        </file>
      </package>
      <package name="src.converters.swagger">
        <metrics statements="54" coveredstatements="50" conditionals="14" coveredconditionals="11" methods="16" coveredmethods="14"/>
        <file name="_helpers.js" path="/Users/s111258/work/postman-to-swagger/src/converters/swagger/_helpers.js">
          <metrics statements="31" coveredstatements="27" conditionals="12" coveredconditionals="9" methods="12" coveredmethods="10"/>
          <line num="8" count="1" type="stmt"/>
          <line num="10" count="6" type="cond" truecount="2" falsecount="0"/>
          <line num="11" count="6" type="cond" truecount="2" falsecount="0"/>
          <line num="12" count="5" type="stmt"/>
          <line num="14" count="6" type="stmt"/>
          <line num="17" count="1" type="stmt"/>
          <line num="26" count="1" type="stmt"/>
          <line num="28" count="0" type="stmt"/>
          <line num="29" count="0" type="cond" truecount="0" falsecount="2"/>
          <line num="30" count="0" type="stmt"/>
          <line num="33" count="0" type="stmt"/>
          <line num="37" count="9" type="stmt"/>
          <line num="47" count="6" type="stmt"/>
          <line num="49" count="6" type="cond" truecount="2" falsecount="0"/>
          <line num="51" count="4" type="stmt"/>
          <line num="57" count="4" type="stmt"/>
          <line num="58" count="4" type="stmt"/>
          <line num="59" count="3" type="stmt"/>
          <line num="65" count="1" type="stmt"/>
          <line num="67" count="4" type="stmt"/>
          <line num="70" count="4" type="stmt"/>
          <line num="74" count="6" type="cond" truecount="1" falsecount="1"/>
          <line num="76" count="6" type="stmt"/>
          <line num="78" count="6" type="stmt"/>
          <line num="80" count="6" type="stmt"/>
          <line num="82" count="9" type="stmt"/>
          <line num="90" count="9" type="cond" truecount="2" falsecount="0"/>
          <line num="91" count="7" type="stmt"/>
          <line num="92" count="7" type="stmt"/>
          <line num="93" count="7" type="stmt"/>
          <line num="105" count="6" type="stmt"/>
        </file>
        <file name="index.js" path="/Users/s111258/work/postman-to-swagger/src/converters/swagger/index.js">
          <metrics statements="23" coveredstatements="23" conditionals="2" coveredconditionals="2" methods="4" coveredmethods="4"/>
          <line num="15" count="1" type="stmt"/>
          <line num="17" count="6" type="stmt"/>
          <line num="18" count="6" type="stmt"/>
          <line num="19" count="6" type="stmt"/>
          <line num="20" count="6" type="stmt"/>
          <line num="21" count="6" type="stmt"/>
          <line num="22" count="6" type="stmt"/>
          <line num="24" count="6" type="stmt"/>
          <line num="34" count="6" type="stmt"/>
          <line num="40" count="1" type="stmt"/>
          <line num="43" count="1" type="stmt"/>
          <line num="46" count="1" type="stmt"/>
          <line num="47" count="1" type="stmt"/>
          <line num="48" count="1" type="stmt"/>
          <line num="55" count="1" type="stmt"/>
          <line num="57" count="1" type="stmt"/>
          <line num="58" count="6" type="stmt"/>
          <line num="60" count="6" type="cond" truecount="2" falsecount="0"/>
          <line num="61" count="5" type="stmt"/>
          <line num="62" count="5" type="stmt"/>
          <line num="66" count="1" type="stmt"/>
          <line num="67" count="1" type="stmt"/>
          <line num="70" count="1" type="stmt"/>
        </file>
      </package>
    </metrics>
  </project>
</coverage>
