{"/Users/s111258/work/postman-to-swagger/src/_helpers.js": {"path":"/Users/s111258/work/postman-to-swagger/src/_helpers.js","statementMap":{"0":{"start":{"line":9,"column":32},"end":{"line":12,"column":1}},"1":{"start":{"line":10,"column":15},"end":{"line":10,"column":56}},"2":{"start":{"line":11,"column":2},"end":{"line":11,"column":30}}},"fnMap":{"0":{"name":"(anonymous_0)","decl":{"start":{"line":9,"column":32},"end":{"line":9,"column":33}},"loc":{"start":{"line":9,"column":42},"end":{"line":12,"column":1}},"line":9}},"branchMap":{},"s":{"0":1,"1":2,"2":2},"f":{"0":2},"b":{},"_coverageSchema":"43e27e138ebf9cfc5966b082cf9a028302ed4184","hash":"728f5ee30ac0d8e7d317fe21df3965f14420fda2"}
,"/Users/s111258/work/postman-to-swagger/src/index.js": {"path":"/Users/s111258/work/postman-to-swagger/src/index.js","statementMap":{},"fnMap":{},"branchMap":{},"s":{},"f":{},"b":{}}
,"/Users/s111258/work/postman-to-swagger/src/converters/swagger/_helpers.js": {"path":"/Users/s111258/work/postman-to-swagger/src/converters/swagger/_helpers.js","statementMap":{"0":{"start":{"line":8,"column":16},"end":{"line":14,"column":25}},"1":{"start":{"line":10,"column":18},"end":{"line":10,"column":50}},"2":{"start":{"line":11,"column":6},"end":{"line":11,"column":33}},"3":{"start":{"line":11,"column":16},"end":{"line":11,"column":33}},"4":{"start":{"line":12,"column":6},"end":{"line":12,"column":32}},"5":{"start":{"line":14,"column":19},"end":{"line":14,"column":24}},"6":{"start":{"line":17,"column":2},"end":{"line":22,"column":4}},"7":{"start":{"line":26,"column":2},"end":{"line":32,"column":35}},"8":{"start":{"line":28,"column":18},"end":{"line":28,"column":44}},"9":{"start":{"line":29,"column":6},"end":{"line":29,"column":33}},"10":{"start":{"line":29,"column":16},"end":{"line":29,"column":33}},"11":{"start":{"line":30,"column":6},"end":{"line":30,"column":26}},"12":{"start":{"line":32,"column":23},"end":{"line":32,"column":33}},"13":{"start":{"line":36,"column":2},"end":{"line":42,"column":6}},"14":{"start":{"line":36,"column":48},"end":{"line":42,"column":3}},"15":{"start":{"line":46,"column":18},"end":{"line":46,"column":44}},"16":{"start":{"line":48,"column":2},"end":{"line":48,"column":33}},"17":{"start":{"line":48,"column":16},"end":{"line":48,"column":33}},"18":{"start":{"line":50,"column":22},"end":{"line":54,"column":3}},"19":{"start":{"line":56,"column":2},"end":{"line":67,"column":3}},"20":{"start":{"line":57,"column":4},"end":{"line":57,"column":46}},"21":{"start":{"line":58,"column":4},"end":{"line":62,"column":8}},"22":{"start":{"line":58,"column":72},"end":{"line":62,"column":5}},"23":{"start":{"line":64,"column":4},"end":{"line":64,"column":63}},"24":{"start":{"line":66,"column":4},"end":{"line":66,"column":50}},"25":{"start":{"line":69,"column":2},"end":{"line":69,"column":23}},"26":{"start":{"line":76,"column":18},"end":{"line":76,"column":36}},"27":{"start":{"line":78,"column":20},"end":{"line":78,"column":22}},"28":{"start":{"line":80,"column":2},"end":{"line":103,"column":5}},"29":{"start":{"line":82,"column":4},"end":{"line":87,"column":7}},"30":{"start":{"line":90,"column":4},"end":{"line":102,"column":5}},"31":{"start":{"line":91,"column":6},"end":{"line":101,"column":7}},"32":{"start":{"line":92,"column":21},"end":{"line":92,"column":44}},"33":{"start":{"line":93,"column":8},"end":{"line":93,"column":75}},"34":{"start":{"line":105,"column":2},"end":{"line":105,"column":19}}},"fnMap":{"0":{"name":"convertCommonHost","decl":{"start":{"line":7,"column":16},"end":{"line":7,"column":33}},"loc":{"start":{"line":7,"column":46},"end":{"line":23,"column":1}},"line":7},"1":{"name":"(anonymous_1)","decl":{"start":{"line":9,"column":9},"end":{"line":9,"column":10}},"loc":{"start":{"line":9,"column":19},"end":{"line":13,"column":5}},"line":9},"2":{"name":"(anonymous_2)","decl":{"start":{"line":14,"column":12},"end":{"line":14,"column":13}},"loc":{"start":{"line":14,"column":19},"end":{"line":14,"column":24}},"line":14},"3":{"name":"convertSchemes","decl":{"start":{"line":25,"column":16},"end":{"line":25,"column":30}},"loc":{"start":{"line":25,"column":43},"end":{"line":33,"column":1}},"line":25},"4":{"name":"(anonymous_4)","decl":{"start":{"line":27,"column":33},"end":{"line":27,"column":34}},"loc":{"start":{"line":27,"column":43},"end":{"line":31,"column":5}},"line":27},"5":{"name":"(anonymous_5)","decl":{"start":{"line":32,"column":11},"end":{"line":32,"column":12}},"loc":{"start":{"line":32,"column":23},"end":{"line":32,"column":33}},"line":32},"6":{"name":"convertheaders","decl":{"start":{"line":35,"column":16},"end":{"line":35,"column":30}},"loc":{"start":{"line":35,"column":40},"end":{"line":43,"column":1}},"line":35},"7":{"name":"(anonymous_7)","decl":{"start":{"line":36,"column":37},"end":{"line":36,"column":38}},"loc":{"start":{"line":36,"column":48},"end":{"line":42,"column":3}},"line":36},"8":{"name":"convertBody","decl":{"start":{"line":45,"column":16},"end":{"line":45,"column":27}},"loc":{"start":{"line":45,"column":37},"end":{"line":70,"column":1}},"line":45},"9":{"name":"(anonymous_9)","decl":{"start":{"line":58,"column":62},"end":{"line":58,"column":63}},"loc":{"start":{"line":58,"column":72},"end":{"line":62,"column":5}},"line":58},"10":{"name":"convertResponses","decl":{"start":{"line":72,"column":16},"end":{"line":72,"column":32}},"loc":{"start":{"line":72,"column":45},"end":{"line":106,"column":1}},"line":72},"11":{"name":"(anonymous_11)","decl":{"start":{"line":80,"column":18},"end":{"line":80,"column":19}},"loc":{"start":{"line":80,"column":30},"end":{"line":103,"column":3}},"line":80}},"branchMap":{"0":{"loc":{"start":{"line":10,"column":18},"end":{"line":10,"column":50}},"type":"binary-expr","locations":[{"start":{"line":10,"column":18},"end":{"line":10,"column":30}},{"start":{"line":10,"column":34},"end":{"line":10,"column":50}}],"line":10},"1":{"loc":{"start":{"line":11,"column":6},"end":{"line":11,"column":33}},"type":"if","locations":[{"start":{"line":11,"column":6},"end":{"line":11,"column":33}},{"start":{"line":11,"column":6},"end":{"line":11,"column":33}}],"line":11},"2":{"loc":{"start":{"line":29,"column":6},"end":{"line":29,"column":33}},"type":"if","locations":[{"start":{"line":29,"column":6},"end":{"line":29,"column":33}},{"start":{"line":29,"column":6},"end":{"line":29,"column":33}}],"line":29},"3":{"loc":{"start":{"line":48,"column":2},"end":{"line":48,"column":33}},"type":"if","locations":[{"start":{"line":48,"column":2},"end":{"line":48,"column":33}},{"start":{"line":48,"column":2},"end":{"line":48,"column":33}}],"line":48},"4":{"loc":{"start":{"line":90,"column":4},"end":{"line":102,"column":5}},"type":"if","locations":[{"start":{"line":90,"column":4},"end":{"line":102,"column":5}},{"start":{"line":90,"column":4},"end":{"line":102,"column":5}}],"line":90}},"s":{"0":1,"1":6,"2":6,"3":1,"4":5,"5":6,"6":1,"7":1,"8":6,"9":6,"10":1,"11":5,"12":2,"13":6,"14":9,"15":6,"16":6,"17":2,"18":4,"19":4,"20":4,"21":3,"22":3,"23":1,"24":4,"25":4,"26":6,"27":6,"28":6,"29":9,"30":9,"31":7,"32":7,"33":7,"34":6},"f":{"0":1,"1":6,"2":6,"3":1,"4":6,"5":2,"6":6,"7":9,"8":6,"9":3,"10":6,"11":9},"b":{"0":[6,5],"1":[1,5],"2":[1,5],"3":[2,4],"4":[7,2]},"_coverageSchema":"43e27e138ebf9cfc5966b082cf9a028302ed4184","hash":"ec0d0f2259178cf27d88f578223c43e39cdc6b32"}
,"/Users/s111258/work/postman-to-swagger/src/converters/swagger/index.js": {"path":"/Users/s111258/work/postman-to-swagger/src/converters/swagger/index.js","statementMap":{"0":{"start":{"line":15,"column":17},"end":{"line":15,"column":35}},"1":{"start":{"line":17,"column":22},"end":{"line":35,"column":1}},"2":{"start":{"line":17,"column":38},"end":{"line":35,"column":1}},"3":{"start":{"line":18,"column":18},"end":{"line":18,"column":32}},"4":{"start":{"line":19,"column":19},"end":{"line":19,"column":51}},"5":{"start":{"line":20,"column":17},"end":{"line":20,"column":31}},"6":{"start":{"line":21,"column":21},"end":{"line":21,"column":73}},"7":{"start":{"line":22,"column":20},"end":{"line":22,"column":54}},"8":{"start":{"line":24,"column":2},"end":{"line":32,"column":5}},"9":{"start":{"line":34,"column":2},"end":{"line":34,"column":15}},"10":{"start":{"line":40,"column":34},"end":{"line":40,"column":45}},"11":{"start":{"line":43,"column":21},"end":{"line":43,"column":36}},"12":{"start":{"line":46,"column":2},"end":{"line":46,"column":52}},"13":{"start":{"line":47,"column":2},"end":{"line":47,"column":59}},"14":{"start":{"line":48,"column":2},"end":{"line":53,"column":5}},"15":{"start":{"line":55,"column":16},"end":{"line":55,"column":18}},"16":{"start":{"line":57,"column":2},"end":{"line":68,"column":5}},"17":{"start":{"line":58,"column":16},"end":{"line":58,"column":26}},"18":{"start":{"line":60,"column":4},"end":{"line":63,"column":5}},"19":{"start":{"line":61,"column":6},"end":{"line":61,"column":45}},"20":{"start":{"line":62,"column":6},"end":{"line":62,"column":13}},"21":{"start":{"line":66,"column":20},"end":{"line":66,"column":39}},"22":{"start":{"line":67,"column":4},"end":{"line":67,"column":47}},"23":{"start":{"line":70,"column":2},"end":{"line":70,"column":34}}},"fnMap":{"0":{"name":"(anonymous_0)","decl":{"start":{"line":17,"column":22},"end":{"line":17,"column":23}},"loc":{"start":{"line":17,"column":38},"end":{"line":35,"column":1}},"line":17},"1":{"name":"(anonymous_1)","decl":{"start":{"line":17,"column":38},"end":{"line":17,"column":39}},"loc":{"start":{"line":17,"column":50},"end":{"line":35,"column":1}},"line":17},"2":{"name":"(anonymous_2)","decl":{"start":{"line":38,"column":15},"end":{"line":38,"column":16}},"loc":{"start":{"line":38,"column":31},"end":{"line":71,"column":1}},"line":38},"3":{"name":"(anonymous_3)","decl":{"start":{"line":57,"column":35},"end":{"line":57,"column":36}},"loc":{"start":{"line":57,"column":46},"end":{"line":68,"column":3}},"line":57}},"branchMap":{"0":{"loc":{"start":{"line":60,"column":4},"end":{"line":63,"column":5}},"type":"if","locations":[{"start":{"line":60,"column":4},"end":{"line":63,"column":5}},{"start":{"line":60,"column":4},"end":{"line":63,"column":5}}],"line":60}},"s":{"0":1,"1":1,"2":6,"3":6,"4":6,"5":6,"6":6,"7":6,"8":6,"9":6,"10":1,"11":1,"12":1,"13":1,"14":1,"15":1,"16":1,"17":6,"18":6,"19":5,"20":5,"21":1,"22":1,"23":1},"f":{"0":6,"1":6,"2":1,"3":6},"b":{"0":[5,1]},"_coverageSchema":"43e27e138ebf9cfc5966b082cf9a028302ed4184","hash":"27593e6ee3c9ad323c2d76b6927cf89f318c7c83"}
}
