TN:
SF:/Users/s111258/work/postman-to-swagger/src/_helpers.js
FN:9,(anonymous_0)
FNF:1
FNH:1
FNDA:2,(anonymous_0)
DA:9,1
DA:12,2
LF:2
LH:2
BRF:0
BRH:0
end_of_record
TN:
SF:/Users/s111258/work/postman-to-swagger/src/index.js
FN:8,(anonymous_0)
FNF:1
FNH:0
FNDA:0,(anonymous_0)
DA:9,0
DA:12,0
DA:13,0
LF:3
LH:0
BRDA:9,0,0,0
BRDA:9,0,1,0
BRF:2
BRH:0
end_of_record
TN:
SF:/Users/s111258/work/postman-to-swagger/src/converters/swagger/_helpers.js
FN:7,convertCommonHost
FN:9,(anonymous_1)
FN:14,(anonymous_2)
FN:25,convertSchemes
FN:27,(anonymous_4)
FN:33,(anonymous_5)
FN:36,convertheaders
FN:37,(anonymous_7)
FN:46,convertBody
FN:59,(anonymous_9)
FN:73,convertResponses
FN:80,(anonymous_11)
FNF:12
FNH:10
FNDA:1,convertCommonHost
FNDA:6,(anonymous_1)
FNDA:6,(anonymous_2)
FNDA:1,convertSchemes
FNDA:0,(anonymous_4)
FNDA:0,(anonymous_5)
FNDA:6,convertheaders
FNDA:9,(anonymous_7)
FNDA:6,convertBody
FNDA:3,(anonymous_9)
FNDA:6,convertResponses
FNDA:9,(anonymous_11)
DA:8,1
DA:10,6
DA:11,6
DA:12,5
DA:14,6
DA:17,1
DA:26,1
DA:28,0
DA:29,0
DA:30,0
DA:33,0
DA:37,9
DA:47,6
DA:49,6
DA:51,4
DA:57,4
DA:58,4
DA:59,3
DA:65,1
DA:67,4
DA:70,4
DA:74,6
DA:76,6
DA:78,6
DA:80,6
DA:82,9
DA:90,9
DA:91,7
DA:92,7
DA:93,7
DA:105,6
LF:31
LH:27
BRDA:10,0,0,6
BRDA:10,0,1,5
BRDA:11,1,0,1
BRDA:11,1,1,5
BRDA:29,2,0,0
BRDA:29,2,1,0
BRDA:49,3,0,2
BRDA:49,3,1,4
BRDA:74,4,0,0
BRDA:74,4,1,6
BRDA:90,5,0,7
BRDA:90,5,1,2
BRF:12
BRH:9
end_of_record
TN:
SF:/Users/s111258/work/postman-to-swagger/src/converters/swagger/index.js
FN:17,(anonymous_0)
FN:17,(anonymous_1)
FN:38,(anonymous_2)
FN:57,(anonymous_3)
FNF:4
FNH:4
FNDA:6,(anonymous_0)
FNDA:6,(anonymous_1)
FNDA:1,(anonymous_2)
FNDA:6,(anonymous_3)
DA:15,1
DA:17,6
DA:18,6
DA:19,6
DA:20,6
DA:21,6
DA:22,6
DA:24,6
DA:34,6
DA:40,1
DA:43,1
DA:46,1
DA:47,1
DA:48,1
DA:55,1
DA:57,1
DA:58,6
DA:60,6
DA:61,5
DA:62,5
DA:66,1
DA:67,1
DA:70,1
LF:23
LH:23
BRDA:60,0,0,5
BRDA:60,0,1,1
BRF:2
BRH:2
end_of_record
