TN:
SF:/Users/s111258/work/postman-to-swagger/src/index.js
FN:8,(anonymous_0)
FNF:1
FNH:1
FNDA:1,(anonymous_0)
DA:8,1
DA:11,1
LF:2
LH:2
BRF:0
BRH:0
end_of_record
TN:
SF:/Users/s111258/work/postman-to-swagger/src/converters/swagger/_helpers.js
FN:7,convertCommonHost
FN:9,(anonymous_1)
FN:14,(anonymous_2)
FN:25,convertSchemes
FN:27,(anonymous_4)
FN:32,(anonymous_5)
FN:35,convertheaders
FN:36,(anonymous_7)
FN:45,convertBody
FN:58,(anonymous_9)
FN:72,convertResponses
FN:80,(anonymous_11)
FNF:12
FNH:12
FNDA:1,convertCommonHost
FNDA:6,(anonymous_1)
FNDA:6,(anonymous_2)
FNDA:1,convertSchemes
FNDA:6,(anonymous_4)
FNDA:1,(anonymous_5)
FNDA:5,convertheaders
FNDA:7,(anonymous_7)
FNDA:5,convertBody
FNDA:2,(anonymous_9)
FNDA:5,convertResponses
FNDA:6,(anonymous_11)
DA:8,1
DA:10,6
DA:11,6
DA:12,4
DA:14,6
DA:17,1
DA:26,1
DA:28,6
DA:29,6
DA:30,4
DA:32,1
DA:36,7
DA:46,5
DA:48,5
DA:50,3
DA:56,3
DA:57,3
DA:58,2
DA:64,1
DA:66,3
DA:69,3
DA:76,4
DA:78,4
DA:80,4
DA:82,6
DA:90,6
DA:91,4
DA:92,4
DA:93,4
DA:105,4
LF:30
LH:30
BRDA:10,0,0,6
BRDA:10,0,1,4
BRDA:11,1,0,2
BRDA:11,1,1,4
BRDA:29,2,0,2
BRDA:29,2,1,4
BRDA:48,3,0,2
BRDA:48,3,1,3
BRDA:90,4,0,4
BRDA:90,4,1,2
BRF:10
BRH:10
end_of_record
TN:
SF:/Users/s111258/work/postman-to-swagger/src/converters/swagger/index.js
FN:17,(anonymous_0)
FN:17,(anonymous_1)
FN:38,(anonymous_2)
FN:57,(anonymous_3)
FNF:4
FNH:4
FNDA:5,(anonymous_0)
FNDA:5,(anonymous_1)
FNDA:1,(anonymous_2)
FNDA:6,(anonymous_3)
DA:15,1
DA:17,5
DA:18,5
DA:19,5
DA:20,5
DA:21,5
DA:22,5
DA:24,5
DA:34,5
DA:40,1
DA:43,1
DA:46,1
DA:47,1
DA:48,1
DA:55,1
DA:57,1
DA:59,6
DA:61,5
DA:63,5
DA:64,4
DA:65,4
DA:69,1
DA:70,1
DA:73,1
LF:24
LH:24
BRDA:59,0,0,1
BRDA:59,0,1,5
BRDA:63,1,0,4
BRDA:63,1,1,1
BRF:4
BRH:4
end_of_record
